<?xml version="1.0" encoding="UTF-8"?>
<!-- Generated by org.testng.reporters.JUnitReportReporter -->
<testsuite hostname="Brain-ПК" failures="0" tests="5" name="test.HorizontalAndVerticalTest" time="10.140" errors="0" timestamp="13 серп. 2019 15:50:41 GMT" skipped="0">
  <testcase classname="test.HorizontalAndVerticalTest" name="checkClothes" time="1.677"/>
  <testcase classname="test.HorizontalAndVerticalTest" name="checkMenClothes" time="2.216"/>
  <testcase classname="test.HorizontalAndVerticalTest" name="checkAccessories" time="1.462"/>
  <testcase classname="test.HorizontalAndVerticalTest" name="checkStationeryAccessories" time="1.240"/>
  <testcase classname="test.HorizontalAndVerticalTest" name="checkArt" time="3.545"/>
</testsuite> <!-- test.HorizontalAndVerticalTest -->
