<?xml version="1.0" encoding="UTF-8"?>
<!-- Generated by org.testng.reporters.JUnitReportReporter -->
<testsuite hostname="Brain-ПК" failures="0" tests="5" name="test.HorizontalAndVerticalTest" time="9.597" errors="0" timestamp="13 серп. 2019 16:11:34 GMT" skipped="0">
  <testcase classname="test.HorizontalAndVerticalTest" name="checkClothes" time="1.607"/>
  <testcase classname="test.HorizontalAndVerticalTest" name="checkMenClothes" time="2.212"/>
  <testcase classname="test.HorizontalAndVerticalTest" name="checkAccessories" time="1.331"/>
  <testcase classname="test.HorizontalAndVerticalTest" name="checkStationeryAccessories" time="2.974"/>
  <testcase classname="test.HorizontalAndVerticalTest" name="checkArt" time="1.473"/>
</testsuite> <!-- test.HorizontalAndVerticalTest -->
